[2023-02-22 00:23:21] [ERROR] [com/zhangmingda3/ksyunwarning:D:/Go-Study/src/github.com/zhangmingda3/ksyunwarning/pingcurl.go:line:51] ip nil.....
[2023-02-22 00:23:21] [ERROR] [com/zhangmingda3/ksyunwarning:D:/Go-Study/src/github.com/zhangmingda3/ksyunwarning/pingcurl.go:line:80] fping 5b29d632-5ba5-45fb-9eb0-476a62d0154d error:exec: "/bin/bash": file does not exist
[2023-02-22 00:23:41] [ERROR] [com/zhangmingda3/ksyunwarning:D:/Go-Study/src/github.com/zhangmingda3/ksyunwarning/pingcurl.go:line:51] ip nil.....
[2023-02-22 00:23:41] [ERROR] [com/zhangmingda3/ksyunwarning:D:/Go-Study/src/github.com/zhangmingda3/ksyunwarning/pingcurl.go:line:80] fping 5b29d632-5ba5-45fb-9eb0-476a62d0154d error:exec: "/bin/bash": file does not exist
[2023-02-22 00:39:02] [ERROR] [com/zhangmingda3/ksyunwarning:D:/Go-Study/src/github.com/zhangmingda3/ksyunwarning/pingcurl.go:line:51] ip nil.....
[2023-02-22 00:39:02] [ERROR] [com/zhangmingda3/ksyunwarning:D:/Go-Study/src/github.com/zhangmingda3/ksyunwarning/pingcurl.go:line:80] fping 5b29d632-5ba5-45fb-9eb0-476a62d0154d error:exec: "/bin/bash": file does not exist
[2023-02-22 00:44:15] [ERROR] [com/zhangmingda3/ksyunwarning:D:/Go-Study/src/github.com/zhangmingda3/ksyunwarning/pingcurl.go:line:51] ip nil.....
[2023-02-22 00:44:15] [ERROR] [com/zhangmingda3/ksyunwarning:D:/Go-Study/src/github.com/zhangmingda3/ksyunwarning/pingcurl.go:line:80] fping 5b29d632-5ba5-45fb-9eb0-476a62d0154d error:exec: "/bin/bash": file does not exist
[2023-02-22 00:44:35] [ERROR] [com/zhangmingda3/ksyunwarning:D:/Go-Study/src/github.com/zhangmingda3/ksyunwarning/pingcurl.go:line:51] ip nil.....
[2023-02-22 00:44:35] [ERROR] [com/zhangmingda3/ksyunwarning:D:/Go-Study/src/github.com/zhangmingda3/ksyunwarning/pingcurl.go:line:80] fping 5b29d632-5ba5-45fb-9eb0-476a62d0154d error:exec: "/bin/bash": file does not exist
[2023-02-22 00:44:55] [ERROR] [com/zhangmingda3/ksyunwarning:D:/Go-Study/src/github.com/zhangmingda3/ksyunwarning/pingcurl.go:line:51] ip nil.....
[2023-02-22 00:44:55] [ERROR] [com/zhangmingda3/ksyunwarning:D:/Go-Study/src/github.com/zhangmingda3/ksyunwarning/pingcurl.go:line:80] fping 5b29d632-5ba5-45fb-9eb0-476a62d0154d error:exec: "/bin/bash": file does not exist
[2023-02-22 00:45:15] [ERROR] [com/zhangmingda3/ksyunwarning:D:/Go-Study/src/github.com/zhangmingda3/ksyunwarning/pingcurl.go:line:51] ip nil.....
[2023-02-22 00:45:15] [ERROR] [com/zhangmingda3/ksyunwarning:D:/Go-Study/src/github.com/zhangmingda3/ksyunwarning/pingcurl.go:line:80] fping 5b29d632-5ba5-45fb-9eb0-476a62d0154d error:exec: "/bin/bash": file does not exist
[2023-02-22 01:16:38] [ERROR] [com/zhangmingda3/ksyunwarning:D:/Go-Study/src/github.com/zhangmingda3/ksyunwarning/pingcurl.go:line:51] ip nil.....
[2023-02-22 01:16:38] [ERROR] [com/zhangmingda3/ksyunwarning:D:/Go-Study/src/github.com/zhangmingda3/ksyunwarning/pingcurl.go:line:80] fping 5b29d632-5ba5-45fb-9eb0-476a62d0154d error:exec: "/bin/bash": file does not exist
[2023-02-22 10:38:25] [ERROR] [com/zhangmingda3/ksyunwarning:D:/Go-Study/src/github.com/zhangmingda3/ksyunwarning/pingcurl.go:line:51] ip nil.....
[2023-02-22 10:38:25] [ERROR] [com/zhangmingda3/ksyunwarning:D:/Go-Study/src/github.com/zhangmingda3/ksyunwarning/pingcurl.go:line:80] fping 5b29d632-5ba5-45fb-9eb0-476a62d0154d error:exec: "/bin/bash": file does not exist
[2023-02-22 10:38:45] [ERROR] [com/zhangmingda3/ksyunwarning:D:/Go-Study/src/github.com/zhangmingda3/ksyunwarning/pingcurl.go:line:51] ip nil.....
[2023-02-22 10:38:45] [ERROR] [com/zhangmingda3/ksyunwarning:D:/Go-Study/src/github.com/zhangmingda3/ksyunwarning/pingcurl.go:line:80] fping 5b29d632-5ba5-45fb-9eb0-476a62d0154d error:exec: "/bin/bash": file does not exist
[2023-02-22 10:38:46] [ERROR] [com/zhangmingda3/ksyunwarning:D:/Go-Study/src/github.com/zhangmingda3/ksyunwarning/funcs.go:line:113] http.DefaultClient.Do(request) ERROR: Get "http://monitor.console.sdns.ksyun.com:80/v2/?Action=GetMetricStatisticsBatch": dial tcp 120.92.74.137:80: connectex: A connection attempt failed because the connected party did not properly respond after a period of time, or established connection failed because connected host has failed to respond. requestId: %!!(MISSING)(EXTRA string=2f2de38b-59c3-450e-bcbb-1527095f77b9--vpc.nat.public.utilization.in--2023-02-22 10:38:25.3061549 +0800 CST m=+0.026803301)
[2023-02-22 10:38:46] [ERROR] [com/zhangmingda3/ksyunwarning:D:/Go-Study/src/github.com/zhangmingda3/ksyunwarning/funcs.go:line:47] 获取监控数据错误：GetMetricStatisticsBatch Error: runtime error: invalid memory address or nil pointer dereference
[2023-02-22 10:38:46] [ERROR] [com/zhangmingda3/ksyunwarning:D:/Go-Study/src/github.com/zhangmingda3/ksyunwarning/funcs.go:line:319] supervisor.GetMetricStatisticsBatch Error:Get "http://monitor.console.sdns.ksyun.com:80/v2/?Action=GetMetricStatisticsBatch": dial tcp 120.92.74.137:80: connectex: A connection attempt failed because the connected party did not properly respond after a period of time, or established connection failed because connected host has failed to respond.
[2023-02-22 10:39:05] [ERROR] [com/zhangmingda3/ksyunwarning:D:/Go-Study/src/github.com/zhangmingda3/ksyunwarning/pingcurl.go:line:51] ip nil.....
[2023-02-22 10:39:05] [ERROR] [com/zhangmingda3/ksyunwarning:D:/Go-Study/src/github.com/zhangmingda3/ksyunwarning/pingcurl.go:line:80] fping 5b29d632-5ba5-45fb-9eb0-476a62d0154d error:exec: "/bin/bash": file does not exist
[2023-02-22 10:39:07] [ERROR] [com/zhangmingda3/ksyunwarning:D:/Go-Study/src/github.com/zhangmingda3/ksyunwarning/funcs.go:line:113] http.DefaultClient.Do(request) ERROR: Get "http://monitor.console.sdns.ksyun.com:80/v2/?Action=GetMetricStatisticsBatch": dial tcp 120.92.74.137:80: connectex: A connection attempt failed because the connected party did not properly respond after a period of time, or established connection failed because connected host has failed to respond. requestId: %!!(MISSING)(EXTRA string=2f2de38b-59c3-450e-bcbb-1527095f77b9--vpc.nat.public.utilization.in--2023-02-22 10:38:46.3533085 +0800 CST m=+21.073956901)
[2023-02-22 10:39:07] [ERROR] [com/zhangmingda3/ksyunwarning:D:/Go-Study/src/github.com/zhangmingda3/ksyunwarning/funcs.go:line:47] 获取监控数据错误：GetMetricStatisticsBatch Error: runtime error: invalid memory address or nil pointer dereference
[2023-02-22 10:39:07] [ERROR] [com/zhangmingda3/ksyunwarning:D:/Go-Study/src/github.com/zhangmingda3/ksyunwarning/funcs.go:line:336] supervisor.GetMetricStatisticsBatch Error:Get "http://monitor.console.sdns.ksyun.com:80/v2/?Action=GetMetricStatisticsBatch": dial tcp 120.92.74.137:80: connectex: A connection attempt failed because the connected party did not properly respond after a period of time, or established connection failed because connected host has failed to respond.
[2023-02-22 10:39:12] [ERROR] [com/zhangmingda3/ksyunwarning:D:/Go-Study/src/github.com/zhangmingda3/ksyunwarning/funcs.go:line:343] 查询uid：73398680 namespace:NAT 实例ID:2f2de38b-59c3-450e-bcbb-1527095f77b9  监控项vpc.nat.public.utilization.in  重试1次都为null, 本次已放弃查询

